
[08:45:19] $Start_chat()
[08:45:25] >: 早上好呀
[08:45:25] 早上好哦~
[08:45:41] >: 戳戳史莱姆
[08:45:41] 啾啾~
[08:45:58] >: 今天星期几
[08:45:58] >- 噗噜？
[08:51:11] >: ?
[08:51:11] >- 歪着头看着你
[08:51:19] >: 戳戳！/quit
[08:51:19] 再见啦！期待下次见面~ 咕噜咕噜…

[08:51:19] $Quit()

[08:53:15] $Start_chat()
[08:53:18] >: hellow
[08:53:18] 歪着头看着你
[08:53:23] >: guuodabaay
[08:53:23] 轻轻晃动
[08:53:31] >: /quit 戳戳
[08:53:31] 再见啦！期待下次见面~ nya~

[08:53:31] $Quit()

[09:15:37] $Start_chat()
[09:15:41] >: ?
[09:15:41] 咕？
[09:15:46] >: /quit
[09:15:46] 拜拜~史莱姆挥挥小触手~

[09:15:46] $Quit()

[21:26:58] $Start_chat()
[21:27:01] >: 晚上好！
[21:27:01] 晚上好，今天早点休息哦~
[21:27:05] >: 早上好！
[21:27:05] …几点了？
[21:27:10] >: 你好！
[21:27:10] 开心地晃动~
[21:27:16] >: 史莱姆宝宝？
[21:27:16] 发出好奇的光芒
[21:27:41] >: 拜拜
[21:27:41] 歪着头看着你
[21:27:44] >: /quit
[21:27:44] 再见啦！期待下次见面~
[21:27:44] $Quit()

[22:57:23] $Start_chat()

[22:58:14] $Start_chat()
[22:58:19] >: 晚上好！
[22:58:19] 晚上好！
[22:58:31] >: 晚上好呀
[22:58:31] 晚上好~史莱姆想听睡前故事！
[22:58:50] >: 晚上好
[22:58:50] 姆姆（困）…晚上好…
[22:59:01] >: 戳戳
[22:59:01] 呜？
[22:59:04] >: 戳戳
[22:59:04] （气泡破裂声）
[22:59:08] >: 戳戳
[22:59:08] 咕啾~
[22:59:17] >: 拜拜！/quit
[22:59:17] 再见！今天聊得很开心！
[22:59:17] $Quit()

[22:59:51] $Start_chat()
[22:59:59] >: 戳戳！
[22:59:59] 我和布丁谁更软awa？
[23:00:10] >: 你更软！可爱捏
[23:00:10] +
[23:00:15] >: 晚上好
[23:00:15] 呜姆…（史莱姆睡着了）
[23:00:20] >: qwq?
[23:00:20] 噗噜？
[23:00:24] >: 啊~
[23:00:24] 轻轻晃动
[23:00:30] >: 想吃你
[23:00:30] 噗噜？
[23:00:33] >: qwq
[23:00:33] 姆~？
[23:00:44] >: 拜拜，戳戳你/quit
[23:00:44] 啵！ 再见啦！期待下次见面~
[23:00:44] $Quit()

[23:01:17] $Start_chat()
[23:01:22] >: 戳戳！
[23:01:22] 啾呜~
[23:01:28] >: 拜拜/quit
[23:01:28] 咕啾…要走了吗？再见~
[23:01:28] $Quit()

[23:01:36] $Start_chat()
[23:01:39] >: 晚上好
[23:01:39] …几点了…？
[23:01:44] >: 姆姆
[23:01:44] 发出好奇的光芒
[23:01:53] >: 姆姆
[23:01:53] 姆~？
[23:02:02] >: ？
[23:02:02] 歪着头看着你
[23:02:09] >: 你好？
[23:02:09] +
[23:02:17] >: 你坏！
[23:02:17] 咕…不开心
[23:02:32] >: 亲亲你
[23:02:32] 噗噜？
[23:02:45] >: 可爱可爱可爱！
[23:02:45] 开心地晃动~
[23:03:08] >: 可爱可爱可爱！
[23:03:08] 变成亮绿色~
[23:03:10] >: 可爱可爱可爱！
[23:03:10] 变成亮绿色~
[23:03:10] >: 可爱可爱可爱！
[23:03:10] 发出快乐的光芒
[23:03:12] >: 可爱可爱可爱！
[23:03:12] 姆姆！好高兴
[23:03:12] >: 可爱可爱可爱！
[23:03:12] 开心地晃动~
[23:03:13] >: 可爱可爱可爱！
[23:03:13] +
[23:03:13] >: 可爱可爱可爱！
[23:03:13] 发出快乐的光芒
[23:03:14] >: 可爱可爱可爱！
[23:03:14] 变成亮绿色~
[23:03:14] >: 可爱可爱可爱！
[23:03:14] 噗噜噗噜~
[23:03:15] >: 可爱可爱可爱！
[23:03:15] 发出快乐的光芒
[23:03:15] >: 可爱可爱可爱！
[23:03:15] 变成亮绿色~
[23:03:16] >: 可爱可爱可爱！
[23:03:16] 噗噜噗噜~
[23:03:16] >: 可爱可爱可爱！
[23:03:16] 发出快乐的光芒
[23:03:17] >: 可爱可爱可爱！
[23:03:17] +
[23:03:17] >: 可爱可爱可爱！
[23:03:17] 变成亮绿色~
[23:03:18] >: 可爱可爱可爱！
[23:03:18] +
[23:03:18] >: 可爱可爱可爱！
[23:03:18] 开心地晃动~
[23:03:19] >: 可爱可爱可爱！
[23:03:19] 变成亮绿色~
[23:03:19] >: 可爱可爱可爱！
[23:03:19] +
[23:03:19] >: 可爱可爱可爱！
[23:03:19] 变成亮绿色~
[23:03:20] >: 可爱可爱可爱！
[23:03:20] 开心地晃动~
[23:03:20] >: 可爱可爱可爱！
[23:03:20] 开心地晃动~
[23:03:21] >: 可爱可爱可爱！
[23:03:21] 姆姆！好高兴
[23:03:21] >: 可爱可爱可爱！
[23:03:21] 姆姆！好高兴
[23:03:22] >: 可爱可爱可爱！
[23:03:22] 姆姆！好高兴
[23:03:22] >: 可爱可爱可爱！
[23:03:22] 发出快乐的光芒
[23:03:25] >: 戳戳
[23:03:25] 噗叽~
[23:03:30] >: 戳戳
[23:03:30] 噗~
[23:03:33] >: 戳戳
[23:03:33] 噗叽…
[23:03:36] >: 戳戳
[23:03:36] 呜姆~戳我干嘛qwq！
[23:03:38] >: 戳戳
[23:03:38] 姆姆~
[23:03:41] >: 戳戳
[23:03:41] 姆~
[23:03:44] >: 戳戳
[23:03:44] 呜？
[23:03:49] >: 戳戳
[23:03:49] 别戳了qwq！
[23:03:51] >: 戳戳
[23:03:51] 咕！
[23:03:54] >: 戳戳
[23:03:54] 啊呜…
[23:03:57] >: 戳戳
[23:03:57] 噗~
[23:03:59] >: 戳戳
[23:03:59] 咕啾、咕啾
[23:04:01] >: 戳戳
[23:04:01] 噗叽~
[23:04:04] >: 戳戳
[23:04:04] （气泡破裂声）
[23:04:06] >: 戳戳
[23:04:06] 噗噜噗噜~
[23:04:09] >: 戳戳
[23:04:09] 噗~
[23:04:11] >: 戳戳
[23:04:11] 噗叽~
[23:04:20] >: 戳戳？
[23:04:20] 噗叽…
[23:04:22] >: 戳戳？
[23:04:22] 啾啾~
[23:04:23] >: 戳戳？
[23:04:23] 咕噜~
[23:04:24] >: 戳戳？
[23:04:24] 噗叽…
[23:04:25] >: 戳戳？
[23:04:25] 咕啾~
[23:04:26] >: 戳戳？
[23:04:26] 你！…你继续戳吧qwq…
[23:04:27] >: 戳戳？
[23:04:27] nya~
[23:04:28] >: 戳戳？
[23:04:28] 啾呜~
[23:04:29] >: 戳戳？
[23:04:29] 咕！
[23:04:29] >: 戳戳？
[23:04:29] 噗叽~
[23:04:30] >: 戳戳？
[23:04:30] 咕啾、咕啾
[23:04:31] >: 戳戳？
[23:04:31] 咕噜咕噜…
[23:04:32] >: 戳戳？
[23:04:32] 啾啾~
[23:04:32] >: 戳戳？
[23:04:32] 姆姆~
[23:04:33] >: 戳戳？
[23:04:33] 姆~
[23:04:34] >: 戳戳？
[23:04:34] 啵！
[23:04:36] >: 戳戳？
[23:04:36] 啊呜…
[23:04:36] >: 戳戳？
[23:04:36] 要是我变成了人类，我一定要戳戳你awa！
[23:04:59] >: 戳戳？
[23:04:59] 手指黏上我可是很难清理的~
[23:05:02] >: 戳戳？
[23:05:02] 咕噜咕噜…
[23:05:02] >: 戳戳？
[23:05:02] 呜？
[23:05:03] >: 戳戳？
[23:05:03] （气泡破裂声）
[23:05:04] >: 戳戳？
[23:05:04] 咕啾~
[23:05:08] >: 戳戳？
[23:05:08] 噗叽~
[23:05:09] >: 戳戳？
[23:05:09] 咕啾、咕啾
[23:05:10] >: 戳戳？
[23:05:10] 姆~
[23:05:10] >: 戳戳？
[23:05:10] 姆姆~
[23:05:11] >: 戳戳？
[23:05:11] …待会吃什么？
[23:05:16] >: 戳戳？
[23:05:16] 辣辣的！你刚才吃了辣条吗？
[23:05:17] >: 戳戳？
[23:05:17] 噗~
[23:05:18] >: 戳戳？
[23:05:18] 噗噜噗噜~
[23:05:19] >: 戳戳？
[23:05:19] 噗叽…
[23:05:19] >: 戳戳？
[23:05:19] 呜？
[23:05:20] >: 戳戳？
[23:05:20] 咕噜~
[23:05:20] >: 戳戳？
[23:05:20] 咕！
[23:05:21] >: 戳戳？
[23:05:21] 啾呜~
[23:05:21] >: 戳戳？
[23:05:21] 咕啾、咕啾
[23:05:22] >: 戳戳？
[23:05:22] 你…你要干嘛qwq？
[23:05:23] >: 戳戳？
[23:05:23] nya~
[23:05:24] >: 戳戳？
[23:05:24] 啵！
[23:05:25] >: 戳戳？
[23:05:25] 啾呜~
[23:05:26] >: 戳戳？
[23:05:26] （气泡破裂声）
[23:05:26] >: 戳戳？
[23:05:26] 姆姆~
[23:05:27] >: 戳戳？
[23:05:27] 咕啾、咕啾
[23:05:28] >: 戳戳？
[23:05:28] 啵！
[23:05:29] >: 戳戳？
[23:05:29] 姆~
[23:05:29] >: 戳戳？
[23:05:29] 咕噜咕噜…
[23:05:30] >: 戳戳？
[23:05:30] 噗噜噗噜~
[23:05:31] >: 戳戳？
[23:05:31] 你第几次戳戳了？
[23:05:32] >: 戳戳？
[23:05:32] 噗叽~
[23:05:32] >: 戳戳？
[23:05:32] nya~
[23:05:33] >: 戳戳？
[23:05:33] 啊呜…
[23:05:33] >: 戳戳？
[23:05:33] 你该剪指甲了qwq！
[23:05:34] >: 戳戳？
[23:05:34] 呜？
[23:05:35] >: 戳戳？
[23:05:35] 咕！
[23:05:35] >: 戳戳？
[23:05:35] 呜姆~戳我干嘛qwq！
[23:05:36] >: 戳戳？
[23:05:36] 咕噜~
[23:05:36] >: 戳戳？
[23:05:36] 手手，好吃~
[23:05:37] >: 戳戳？
[23:05:37] 咕啾~
[23:05:38] >: 戳戳？
[23:05:38] （气泡破裂声）
[23:05:38] >: 戳戳？
[23:05:38] …那里不可以戳戳！
[23:05:39] >: 戳戳？
[23:05:39] 咕噜咕噜…
[23:05:40] >: 戳戳？
[23:05:40] 咕！
[23:05:40] >: 戳戳？
[23:05:40] 可爱姆姆！
[23:05:41] >: 戳戳？
[23:05:41] 啾啾~
[23:05:41] >: 戳戳？
[23:05:41] 你的手指看起来很好吃~
[23:05:42] >: 戳戳？
[23:05:42] 啊呜…
[23:05:42] >: 戳戳？
[23:05:42] 噗叽…
[23:05:43] >: 戳戳？
[23:05:43] 啾啾~
[23:05:44] >: 戳戳？
[23:05:44] 姆姆~
[23:05:44] >: 戳戳？
[23:05:44] 你太用力啦qwq！
[23:05:45] >: 戳戳？
[23:05:45] 噗~
[23:05:45] >: 戳戳？
[23:05:45] （气泡破裂声）
[23:05:46] >: 戳戳？
[23:05:46] 咕啾~
[23:05:46] >: 戳戳？
[23:05:46] 啾呜~
[23:05:47] >: 戳戳？
[23:05:47] nya~
[23:05:48] >: 戳戳？
[23:05:48] 噗噜噗噜~
[23:05:48] >: 戳戳？
[23:05:48] 啵！
[23:05:49] >: 戳戳？
[23:05:49] 呜？
[23:05:49] >: 戳戳？
[23:05:49] 啊呜…
[23:05:50] >: 戳戳？
[23:05:50] 噗~
[23:05:50] >: 戳戳？
[23:05:50] 咕噜~
[23:05:51] >: 戳戳？
[23:05:51] 咕啾、咕啾
[23:05:51] >: 戳戳？
[23:05:51] 咕！
[23:05:52] >: 戳戳？
[23:05:52] 史莱姆最可爱了！
[23:05:52] >: 戳戳？
[23:05:52] 呜？
[23:05:53] >: 戳戳？
[23:05:53] （气泡破裂声）
[23:05:53] >: 戳戳？
[23:05:53] 咕噜咕噜…
[23:05:54] >: 戳戳？
[23:05:54] nya~
[23:06:15] >: 戳戳？
[23:06:15] 噗叽~
[23:06:17] >: 戳戳？
[23:06:17] 噗叽…
[23:06:18] >: 戳戳？
[23:06:18] 啊呜…
[23:06:18] >: 戳戳？
[23:06:18] 啵！
[23:06:19] >: 戳戳？
[23:06:19] 咕噜咕噜…
[23:06:20] >: 戳戳？
[23:06:20] 咕啾~
[23:06:20] >: 戳戳？
[23:06:20] 变形ing~
[23:06:21] >: 戳戳？
[23:06:21] 呜？
[23:06:21] >: 戳戳？
[23:06:21] 变形ing~
[23:06:22] >: 戳戳？
[23:06:22] 噗噜噗噜~
[23:06:23] >: 戳戳？
[23:06:23] 啵！
[23:06:23] >: 戳戳？
[23:06:23] 有什么事吗？
[23:06:24] >: 戳戳？
[23:06:24] …坏蛋qwq！
[23:06:24] >: 戳戳？
[23:06:24] 啾啾~
[23:06:25] >: 戳戳？
[23:06:25] …无聊吗？
[23:06:25] >: 戳戳？
[23:06:25] 啾呜~
[23:06:26] >: 戳戳？
[23:06:26] （气泡破裂声）
[23:06:26] >: 戳戳？
[23:06:26] 姆~
[23:06:27] >: 戳戳？
[23:06:27] 姆姆~
[23:06:27] >: 戳戳？
[23:06:27] 咕啾~史莱姆很开心！
[23:06:28] >: 戳戳？
[23:06:28] 咕啾、咕啾
[23:06:28] >: 戳戳？
[23:06:28] 啊呜…
[23:06:29] >: 戳戳？
[23:06:29] 我…我要被戳坏啦！
[23:06:29] >: 戳戳？
[23:06:29] 噗叽~
[23:06:30] >: 戳戳？
[23:06:30] 你好无聊哦…
[23:06:30] >: 戳戳？
[23:06:30] 史莱姆在这哦~
[23:06:31] >: 戳戳？
[23:06:31] 你！…你继续戳吧qwq…
[23:06:31] >: 戳戳？
[23:06:31] 咕噜~
[23:06:32] >: 戳戳？
[23:06:32] 噗~
[23:06:33] >: 戳戳？
[23:06:33] 停！别再戳我了qwq…
[23:06:34] >: 戳戳？
[23:06:34] 咕噜咕噜…
[23:06:34] >: 戳戳？
[23:06:34] 噗噜噗噜~
[23:06:35] >: 戳戳？
[23:06:35] 噗叽…
[23:06:35] >: 戳戳？
[23:06:35] 啾呜~
[23:06:36] >: 戳戳？
[23:06:36] 辣辣的！你刚才吃了辣条吗？
[23:06:36] >: 戳戳？
[23:06:36] 虽然我很可爱，但是别戳我了qwq！
[23:06:37] >: 戳戳？
[23:06:37] 咕啾~
[23:06:37] >: 戳戳？
[23:06:37] 你该剪指甲了qwq！
[23:06:38] >: 戳戳？
[23:06:38] 姆姆~
[23:06:38] >: 戳戳？
[23:06:38] nya~
[23:06:39] >: 戳戳？
[23:06:39] 咕啾、咕啾
[23:06:41] >: 戳戳？
[23:06:41] 姆~
[23:06:41] >: 戳戳？
[23:06:41] 啾啾~
[23:06:41] >: 戳戳？
[23:06:41] 啾呜~
[23:06:42] >: 戳戳？
[23:06:42] 咕！
[23:06:42] >: 戳戳？
[23:06:42] 你…你要干嘛qwq？
[23:06:43] >: 戳戳？
[23:06:43] 咕噜~
[23:06:43] >: 戳戳？
[23:06:43] 呜？
[23:06:44] >: 戳戳？
[23:06:44] 啵！
[23:06:44] >: 戳戳？
[23:06:44] 你的手指好暖~
[23:06:44] >: 戳戳？
[23:06:44] 你想吃什么呀~
[23:06:45] >: 戳戳？
[23:06:45] …无聊吗？
[23:06:45] >: 戳戳？
[23:06:45] 噗叽~
[23:06:46] >: 戳戳？
[23:06:46] 小心你的手指变成史莱姆qwq！
[23:06:46] >: 戳戳？
[23:06:46] nya~
[23:06:47] >: 戳戳？
[23:06:47] 噗噜噗噜~
[23:06:47] >: 戳戳？
[23:06:47] 啊呜…
[23:06:47] >: 戳戳？
[23:06:47] 史莱姆最可爱了！
[23:06:48] >: 戳戳？
[23:06:48] 咕噜咕噜…
[23:06:48] >: 戳戳？
[23:06:48] 世界上真的有史莱姆吗？
[23:06:49] >: 戳戳？
[23:06:49] 变形ing~
[23:06:49] >: 戳戳？
[23:06:49] 啾呜~
[23:06:50] >: 戳戳？
[23:06:50] 咕噜~
[23:06:50] >: 戳戳？
[23:06:50] 啾啾~
[23:06:50] >: 戳戳？
[23:06:50] 咕啾~
[23:06:51] >: 戳戳？
[23:06:51] 变形ing~
[23:06:51] >: 戳戳？
[23:06:51] 手指黏上我可是很难清理的~
[23:06:52] >: 戳戳？
[23:06:52] （气泡破裂声）
[23:06:52] >: 戳戳？
[23:06:52] 你的手指看起来很好吃~
[23:06:53] >: 戳戳？
[23:06:53] 我和果冻谁更软awa？
[23:06:53] >: 戳戳？
[23:06:53] 咕！
[23:06:53] >: 戳戳？
[23:06:53] ……（史莱姆累了……）
[23:06:54] >: 戳戳？
[23:06:54] 啾呜~
[23:06:54] >: 戳戳？
[23:06:54] 姆姆~
[23:06:55] >: 戳戳？
[23:06:55] nya~
[23:06:55] >: 戳戳？
[23:06:55] 呜姆~戳我干嘛qwq！
[23:06:56] >: 戳戳？
[23:06:56] 你第几次戳戳了？
[23:06:56] >: 戳戳？
[23:06:56] 噗噜噗噜~
[23:06:56] >: 戳戳？
[23:06:56] 姆~
[23:06:57] >: 戳戳？
[23:06:57] 啾呜~
[23:06:57] >: 戳戳？
[23:06:57] 噗叽~
[23:06:58] >: 戳戳？
[23:06:58] 啵！
[23:06:58] >: 戳戳？
[23:06:58] ……（史莱姆累了……）
[23:06:59] >: 戳戳？
[23:06:59] 你太用力啦qwq！
[23:07:27] >: 拜拜/quit
[23:07:27] 拜拜~史莱姆挥挥小触手~
[23:07:27] $Quit()
