
[20:21:28] $start_chat()
[20:21:53] >: 晚上好！史莱姆宝宝！可以让我戳戳你吗？
[20:21:53] 咕…晚上好，有点累了，噗叽~

[21:19:21] $start_chat()

[21:26:10] $start_chat()
[21:26:16] >: 晚上好！
[21:26:16] 晚上好呀！
[21:26:22] >: 晚上好！
[21:26:22] 姆姆（困）…晚上好…
[21:26:25] >: 晚上好1
[21:26:25] 晚上好！
[21:26:32] >: /meet
[21:26:32] 姆…时间对不上呢
[21:31:57] >: python -u "c:\Users\suzhi\Desktop\xjr\CODE\python\slime\slime.py"
[21:31:57] >- 歪着头看着你
[21:32:04] >: /quit
[21:32:04] 再见！下次一起玩哦
[21:33:58] >: exit
[21:33:58] >- 轻轻晃动
[21:34:00] >: .
[21:34:00] >- 轻轻晃动
[21:34:01] >: /
[21:34:01] >- 姆~？
[21:34:02] >: .
[21:34:02] >- 发出好奇的光芒
[21:34:03] >: ;
[21:34:03] >- 咕？
[21:34:09] >: 再见！
[21:34:09] >- 姆~？
[21:34:11] >: 拜拜
[21:34:11] >- 姆~？
[21:34:19] >: /quit
[21:34:19] 再见！下次一起玩哦

[21:50:10] $start_chat()
[21:50:16] >: 晚上好！
[21:50:16] 晚上好呀！
[21:50:19] >: 戳戳
[21:50:19] 姆姆~
[21:50:29] >: 晚上好！戳戳史莱姆！
[21:50:29] 晚上好哦~，咕啾、咕啾
[21:50:43] >: 拜拜！/quit
[21:50:43] 再见！今天聊得很开心！
[21:55:05] >: python -u "c:\Users\suzhi\Desktop\xjr\CODE\python\slime\slime.py"
[21:55:05] >- 噗噜？

[21:55:13] $start_chat()
[21:55:38] >: 你好呀！今晚怎么样？
[21:55:38] >- +
[21:56:00] >: 晚上好
[21:56:00] 晚上好呀！
[21:56:02] >: 戳戳
[21:56:02] 咕噜咕噜…
[21:56:07] >: 晚上好！戳戳！
[21:56:07] 晚上好，还在工作吗（好奇）？，啾啾~
[21:56:27] >: /quit
[21:56:27] 再见！今天聊得很开心！
[21:56:27] >: /quit
[21:56:27] 再见！今天聊得很开心！

[22:01:11] $Start_chat()
[22:01:17] >: 我啥时候？
[22:01:17] 轻轻晃动
[22:01:20] >: 啊？
[22:01:20] 发出好奇的光芒
[22:01:22] >: 你是？
[22:01:22] 姆~？
[22:01:25] >: 史莱姆！
[22:01:25] 发出好奇的光芒
[22:01:27] >: 戳戳！
[22:01:27] 咕！
[22:05:25] >: /quit
[22:05:25] 咕啾…要走了吗？再见~
[22:05:25] >: /quit
[22:05:25] 咕啾…要走了吗？再见~

[22:05:25] $Quit()

[22:05:34] $Start_chat()
[22:05:44] >: 早上好！
[22:05:44] 噗噜？现在说这个？
[22:06:40] >: /quit
[22:06:40] 拜拜~史莱姆挥挥小触手~
[22:06:40] >: /quit
[22:06:40] 拜拜~史莱姆挥挥小触手~

[22:06:40] $Quit()

[22:06:44] $Start_chat()
[22:06:49] >: 早上好！
[22:06:49] 歪着头疑惑地看着你
[22:06:53] >: /quit
[22:06:53] 咕啾…要走了吗？再见~
[22:06:53] >: /quit
[22:06:53] 咕啾…要走了吗？再见~

[22:06:53] $Quit()

[22:17:31] $Start_chat()
[22:17:37] >: 早上好
[22:17:37] …啊？姆姆穿越了？
[22:17:43] >: ?
[22:17:43] 发出好奇的光芒
[22:17:48] >: 晚上好
[22:17:48] 晚上好。
[22:22:18] >: /quit
[22:22:18] 再见！今天聊得很开心！
[22:22:18] >: /quit
[22:22:18] 再见！今天聊得很开心！

[22:22:18] $Quit()

[22:22:21] $Start_chat()
[22:22:26] >: 晚上好！
[22:22:26] 晚上好！
[22:22:30] >: 早上好！
[22:22:30] 你…你好？（史莱姆看了看时钟）
[22:26:26] >: /quit
[22:26:26] 再见啦！期待下次见面~
[22:26:26] >: /quit
[22:26:26] 再见啦！期待下次见面~

[22:26:26] $Quit()

[22:26:30] $Start_chat()
[22:26:37] >: 晚上好！
[22:26:37] 晚上好~史莱姆想听睡前故事！
[22:26:53] >: 讲出了一个睡前故事
[22:26:53] 发出好奇的光芒
[22:27:32] >: 好了我要跟你说拜拜了
[22:27:32] 变成亮绿色~
[22:27:35] >: /quit
[22:27:35] 拜拜~史莱姆挥挥小触手~
[22:27:35] >: /quit
[22:27:35] 拜拜~史莱姆挥挥小触手~

[22:27:35] $Quit()

[22:28:02] $Start_chat()
[22:28:06] >: 晚上好！
[22:28:06] 晚上好哦~
[22:28:10] >: 晚上好！
[22:28:10] 姆姆（困）…晚上好…
[22:29:07] >: 戳戳！
[22:29:07] 噗叽…
[22:34:44] >: /quit
[22:34:44] 再见啦！期待下次见面~
[22:34:44] >: /quit
[22:34:44] 再见啦！期待下次见面~

[22:34:44] $Quit()

[22:34:47] $Start_chat()
[22:35:05] >: 晚上好！我要戳戳你！
[22:35:05] 晚上好。 啵！
[22:35:56] >: /quit
[22:35:56] 咕啾…要走了吗？再见~

[22:36:58] $Start_chat()
[22:37:04] >: 晚上好
[22:37:04] 晚上好，今天早点休息哦~
[22:37:12] >: 白天好
[22:37:12] >- 开心地晃动~
[22:38:19] >: 我爱死你了！
[22:38:19] >- 开心地晃动~
[22:38:29] >: 早上好
[22:38:29] …啊？姆姆穿越了？
[22:38:34] >: 你好！
[22:38:34] >- 发出快乐的光芒
[22:38:49] >: 晚上好！戳戳你~
[22:38:49] 晚上好，还在工作吗（好奇）？ 啾啾~
[22:38:56] >: 戳戳！
[22:38:56] 咕噜~
[22:39:01] >: 戳戳！戳戳！
[22:39:01] （气泡破裂声）
[22:39:05] >: 可爱捏
[22:39:05] >- +
[22:39:08] >: 可爱！
[22:39:08] >- 发出快乐的光芒
[22:39:16] >: 拜拜/quit
[22:39:16] 再见啦！期待下次见面~

[22:42:16] $Start_chat()
[22:42:27] >: 晚上好！
[22:42:27] 晚上好哦~
[22:42:58] >: 我好喜欢你呀！
[22:42:58] >- 变成亮绿色~
[22:44:00] >: /quit
[22:44:00] 拜拜~史莱姆挥挥小触手~

[22:44:00] $Quit()

[22:44:05] $Start_chat()
[22:44:20] >: 晚上好！
[22:44:20] 姆姆（困）…晚上好…
[22:44:26] >: 戳戳史莱姆！
[22:44:26] 呜哇！你吓到我了！
[22:44:38] >: 晚上好，我要戳戳你！
[22:44:38] 晚上好呀！ 姆~
[22:44:48] >: 你看起来很可爱！
[22:44:48] +
[22:44:53] >: 我好喜欢你
[22:44:53] 开心地晃动~
[22:45:05] >: 拜拜，明天见！/quit
[22:45:05] 再见！今天聊得很开心！

[22:45:05] $Quit()
