
[15:33:28] $Start_chat()
[15:33:41] >: 下午好
[15:33:41] 下午好。
[15:33:48] >: 早上好
[15:33:48] 你…要不看看时间qwq？
[15:34:12] >: 拜拜
[15:34:12] 噗噜？
[15:34:18] >: /quit
[15:34:18] 拜拜~史莱姆挥挥小触手~
[15:34:18] $Quit()

[15:37:13] $Start_chat()
[15:37:24] >: snowball
[15:37:24] 发出好奇的光芒
[15:37:34] >: 你看起来很好吃
[15:37:34] 开心地晃动~
[15:37:42] >: /quit
[15:37:42] 再见！今天聊得很开心！
[15:37:42] $Quit()

[17:31:35] $Start_chat()
[17:31:53] >: 你好呀
[17:31:53] 噗噜~
[17:32:20] >: 今天天气怎么样
[17:32:20] 轻轻晃动
[17:33:11] >: 我们去吃冰淇淋吧！
[17:33:11] 噗噜~
[17:33:24] >: 你看起来很好吃
[17:33:24] 发出微弱的光芒
[17:33:38] >: ？讨厌你
[17:33:38] 轻轻晃动
[17:33:45] >: 讨厌
[17:33:45] 噗噜~
[17:33:56] >: 滚
[17:33:56] 噗噜~
[17:34:05] >: 可爱
[17:34:05] 发出微弱的光芒
[17:34:31] >: /quit
[17:34:31] 再见啦！期待下次见面~
[17:34:31] $Quit()

[17:39:56] $Start_chat()
[17:40:06] >: 开心
[17:40:06] 发出微弱的光芒
[17:40:09] >: 你好
[17:40:09] 噗噜~
[17:40:12] >: 早上好
[17:40:12] 你…你好？（史莱姆看了看时钟）

[17:52:23] $Start_chat()
[17:52:28] >: 你好！
[17:52:28] 咕？
[17:52:40] >: 早上好
[17:52:40] 欸？现在是……几点？
[17:52:48] >: 戳戳
[17:52:48] 啾啾~
[17:53:00] >: 戳戳
[17:53:00] 咕噜咕噜…
[17:53:09] >: 戳戳
[17:53:09] 啵！
[17:54:21] >: 戳戳
[17:54:21] （气泡破裂声）
[17:54:43] >: /click
[17:54:43] 噗叽…
[17:54:48] >: /click
[17:54:48] 咕啾~史莱姆很开心！
[17:54:53] >: /click
[17:54:53] 咕噜~
[17:54:54] >: /click
[17:54:54] 要是我变成了人类，我一定要戳戳你awa！
[17:54:55] >: /click
[17:54:55] …无聊吗？
[17:54:55] >: /click
[17:54:55] 你在好奇我吗？
[17:54:56] >: /click
[17:54:56] 呜？
[17:54:57] >: /click
[17:54:57] （气泡破裂声）
[17:54:57] >: /click
[17:54:57] 你到底要干嘛qwq！
[17:54:58] >: /click
[17:54:58] 噗噜噗噜~
[17:54:58] >: /click
[17:54:58] 你在好奇我吗？
[17:54:59] >: /click
[17:54:59] 噗~
[17:54:59] >: /click
[17:54:59] 咕噜咕噜…
[17:55:00] >: /click
[17:55:00] 可爱姆姆！
[17:55:00] >: /click
[17:55:00] 咕！
[17:55:01] >: /click
[17:55:01] 史莱姆在这哦~
[17:55:01] >: /click
[17:55:01] 你…你要干嘛qwq？
[17:55:02] >: /click
[17:55:02] 你好无聊哦…
[17:55:02] >: /click
[17:55:02] nya~
[17:55:03] >: /click
[17:55:03] 我和果冻谁更软awa？
[17:55:03] >: /click
[17:55:03] 噗叽~
[17:55:04] >: /click
[17:55:04] 咕噜咕噜…
[17:55:04] >: /click
[17:55:04] 噗~
[17:55:04] >: /click
[17:55:04] 我和布丁谁更软awa？
[17:55:05] >: /click
[17:55:05] 姆姆~
[17:55:05] >: /click
[17:55:05] 有什么事吗？
[17:55:06] >: /click
[17:55:06] 啾啾~
[17:55:06] >: /click
[17:55:06] 呜？
[17:55:07] >: /click
[17:55:07] 姆~
[17:55:07] >: /click
[17:55:07] 咕啾、咕啾
[17:55:08] >: /click
[17:55:08] 你！…你继续戳吧qwq…
[17:55:09] >: /click
[17:55:09] 噗叽…
[17:55:10] >: /click
[17:55:10] 手手，好吃~
[17:55:11] >: 戳戳
[17:55:11] 咕噜咕噜…
[17:55:13] >: 戳戳
[17:55:13] （气泡破裂声）
[17:55:18] >: /quit
[17:55:18] 再见啦！期待下次见面~
[17:55:18] $Quit()

[17:57:01] $Start_chat()
[17:57:13] >: 7ad9t
[17:57:13] 发出微弱的光芒
[17:58:33] >: /quit
[17:58:33] 再见啦！期待下次见面~
[17:58:33] $Quit()
