
[10:43:35] $Start_chat()
[10:43:40] >: 你好
[10:43:40] 噗噜~
[10:43:42] >: 戳戳
[10:43:42] 噗噜噗噜~
[10:43:45] >: 早上好
[10:43:45] 咕啾~早上好呀~
[10:43:53] >: /meet
[10:43:53] 早上好。
[10:43:58] >: /click
[10:43:58] 咕啾、咕啾
[10:44:01] >: /click
[10:44:01] 世界上真的有史莱姆吗？
[10:44:07] >: /quit
[10:44:07] 再见！今天聊得很开心！
[10:44:07] $Quit()

[10:45:15] $Start_chat()
[10:45:18] >: 晚霞
[10:45:18] 你…要不看看时间qwq？
[10:47:01] >: 黄昏
[10:47:01] 
[10:47:13] >: 正确的
[10:47:13] 
[10:47:24] >: /qut
[10:47:24] 
[10:47:28] >: /quit
[10:47:28] 咕啾…要走了吗？再见~
[10:47:28] $Quit()

[11:24:55] $Start_chat()
