
[20:32:15] $start_chat()
[20:32:18] >: kkk
[20:32:18] >- 咕？
[20:32:20] >: /test
[20:32:20] >- 咕？
[20:32:23] $Quit()

[20:33:20] $start_chat()
[20:33:25] >: /meet
[20:33:25] 晚上好~好困姆~
[20:33:28] >: /click
[20:33:28] 姆姆~
[20:33:35] >: 戳戳
[20:33:35] 噗叽~
[20:33:38] >: 戳
[20:33:38] ……（史莱姆累了……）
[20:34:01] >: 你可爱可爱，喜欢你哦~
[20:34:01] >- +
[20:34:02] >: 你可爱可爱，喜欢你哦~
[20:34:02] >- +
[20:34:02] >: 你可爱可爱，喜欢你哦~
[20:34:02] >- +
[20:34:02] >: 你可爱可爱，喜欢你哦~
[20:34:02] >- +
[20:34:03] >: 你可爱可爱，喜欢你哦~
[20:34:03] >- +
[20:34:03] >: 你可爱可爱，喜欢你哦~
[20:34:03] >- +
[20:34:03] >: 你可爱可爱，喜欢你哦~
[20:34:03] >- +
[20:34:03] >: 你可爱可爱，喜欢你哦~
[20:34:03] >- +
[20:34:04] >: 你可爱可爱，喜欢你哦~
[20:34:04] >- +
[20:34:04] >: 你可爱可爱，喜欢你哦~
[20:34:04] >- +
[20:34:04] >: 你可爱可爱，喜欢你哦~
[20:34:04] >- +
[20:34:04] >: 你可爱可爱，喜欢你哦~
[20:34:04] >- +
[20:34:05] >: 你可爱可爱，喜欢你哦~
[20:34:05] >- +
[20:34:05] >: 你可爱可爱，喜欢你哦~
[20:34:05] >- +
[20:34:05] >: 你可爱可爱，喜欢你哦~
[20:34:05] >- +
[20:34:06] >: 你可爱可爱，喜欢你哦~
[20:34:06] >- +
[20:34:08] $Quit()
