
[22:34:18] $Start_chat()
[22:34:28] >: /click
[22:34:28] 啊呜…
[22:34:40] >: /meet
[22:34:40] 晚上好。
[22:34:44] >: /meet
[22:34:44] 晚上好，还在工作吗（好奇）？
[22:34:48] >: 早上好
[22:34:48] = =？
[22:38:34] >: /quit
[22:38:34] 再见啦！期待下次见面~
[22:38:34] $Quit()

[22:39:35] $Start_chat()
[22:39:51] >: /click
[22:39:51] 咕啾、咕啾
[22:39:58] >: /meet
[22:39:58] 晚上好~史莱姆想听睡前故事！
[22:40:03] >: /meet
[22:40:03] 晚上好。
[22:40:05] >: /meet
[22:40:05] 姆姆（困）…晚上好…
[22:40:05] >: /meet
[22:40:05] 晚上好呀！
[22:40:06] >: /meet
[22:40:06] 晚上好~史莱姆想听睡前故事！
[22:40:06] >: /meet
[22:40:06] 晚上好哦~
[22:40:07] >: /meet
[22:40:07] 晚上好呀！
[22:40:07] >: /meet
[22:40:07] 姆姆（困）…晚上好…
[22:40:08] >: /meet
[22:40:08] 晚上好，还在工作吗（好奇）？
[22:40:08] >: /meet
[22:40:08] 晚上好！
[22:40:09] >: /meet
[22:40:09] 晚上好，今天早点休息哦~
[22:40:09] >: /meet
[22:40:09] 晚上好~史莱姆想听睡前故事！
[22:40:09] >: /meet
[22:40:09] 晚上好！
[22:40:10] >: /meet
[22:40:10] 晚上好哦~
[22:40:10] >: /meet
[22:40:10] 晚上好。
[22:40:11] >: /meet
[22:40:11] 晚上好，还在工作吗（好奇）？
[22:40:11] >: /meet
[22:40:11] 晚上好呀！
[22:40:12] >: /meet
[22:40:12] 晚上好哦~
[22:40:12] >: /meet
[22:40:12] 晚上好，还在工作吗（好奇）？
[22:40:13] >: /meet
[22:40:13] 晚上好，今天早点休息哦~
[22:40:13] >: /meet
[22:40:13] 晚上好呀！
[22:40:14] >: /meet
[22:40:14] 姆姆（困）…晚上好…
[22:40:14] >: /meet
[22:40:14] 晚上好。
[22:40:14] >: /meet
[22:40:14] 晚上好~史莱姆想听睡前故事！
[22:40:15] >: /meet
[22:40:15] 晚上好，今天早点休息哦~
[22:40:15] >: /meet
[22:40:15] 晚上好！
[22:40:15] >: /meet
[22:40:15] 晚上好，还在工作吗（好奇）？
[22:40:16] >: /meet
[22:40:16] 晚上好哦~
[22:40:16] >: /meet
[22:40:16] 晚上好，今天早点休息哦~
[22:40:17] >: /meet
[22:40:17] 晚上好。
[22:40:17] >: /meet
[22:40:17] 晚上好~史莱姆想听睡前故事！
[22:40:18] >: /meet
[22:40:18] 姆姆（困）…晚上好…
[22:40:18] >: /meet
[22:40:18] 晚上好哦~
[22:40:18] >: /meet
[22:40:18] 晚上好呀！
[22:40:18] >: /meet
[22:40:18] 晚上好！
[22:40:48] >: /quit
[22:40:48] 咕啾…要走了吗？再见~
[22:40:48] $Quit()
